<?xml version="1.0" encoding="UTF-8"?>
<!-- Generated by org.testng.reporters.JUnitXMLReporter -->
<testsuite ignored="0" hostname="DESKTOP-8B8PBF3" failures="1" tests="3" name="Test" time="137.72" errors="0" timestamp="2024-07-18T23:08:04 IST">
  <testcase classname="com.BusinessLogic.TestCase1" name="HomePage_test" time="41.201">
    <skipped/>
  </testcase> <!-- HomePage_test -->
  <testcase classname="com.BusinessLogic.TestCase1" name="HomePage_test" time="40.391">
    <skipped/>
  </testcase> <!-- HomePage_test -->
  <testcase classname="com.BusinessLogic.TestCase1" name="HomePage_test" time="41.668">
    <failure type="java.lang.AssertionError" message="expected [true] but found [false]">
      <![CDATA[java.lang.AssertionError: expected [true] but found [false]
at com.BusinessLogic.TestCase1.HomePage_test(TestCase1.java:65)
at java.base/java.util.ArrayList.forEach(ArrayList.java:1511)
... Removed 31 stack frames]]>
    </failure>
  </testcase> <!-- HomePage_test -->
</testsuite> <!-- Test -->
